<?xml version="1.0" encoding="UTF-8"?>
<!-- Generated by org.testng.reporters.JUnitReportReporter -->
<testsuite hostname="Praveen" failures="0" tests="1" name="CURDoperation.Xpath" time="2.428" errors="0" timestamp="2022-01-29T11:21:03 IST" skipped="0">
  <testcase classname="CURDoperation.Xpath" name="xpath" time="2.428"/>
  <system-out/>
</testsuite> <!-- CURDoperation.Xpath -->
