<?xml version="1.0" encoding="UTF-8"?>
<!-- Generated by org.testng.reporters.JUnitReportReporter -->
<testsuite hostname="Praveen" failures="0" tests="1" name="CURDoperation.Post" time="2.008" errors="0" timestamp="2022-01-15T17:36:51 IST" skipped="0">
  <testcase classname="CURDoperation.Post" name="post" time="2.008"/>
  <system-out/>
</testsuite> <!-- CURDoperation.Post -->
