<?xml version="1.0" encoding="UTF-8"?>
<!-- Generated by org.testng.reporters.JUnitReportReporter -->
<testsuite hostname="Praveen" failures="0" tests="1" name="jacksonSerializable.CreateRepoUsingPojo" time="2.111" errors="0" timestamp="2022-01-16T10:53:17 IST" skipped="0">
  <testcase classname="jacksonSerializable.CreateRepoUsingPojo" name="createRepo" time="2.111"/>
  <system-out/>
</testsuite> <!-- jacksonSerializable.CreateRepoUsingPojo -->
