<?xml version="1.0" encoding="UTF-8"?>
<!-- Generated by org.testng.reporters.JUnitReportReporter -->
<testsuite hostname="Praveen" failures="0" tests="1" name="CURDoperation.Patch" time="1.769" errors="0" timestamp="2022-01-19T11:04:38 IST" skipped="0">
  <testcase classname="CURDoperation.Patch" name="post" time="1.769"/>
  <system-out/>
</testsuite> <!-- CURDoperation.Patch -->
