<?xml version="1.0" encoding="UTF-8"?>
<!-- Generated by org.testng.reporters.JUnitReportReporter -->
<testsuite hostname="Praveen" failures="0" tests="1" name="jacksonSerializable.Serialization" time="0.271" errors="0" timestamp="2022-01-16T09:58:42 IST" skipped="0">
  <testcase classname="jacksonSerializable.Serialization" name="demo" time="0.271"/>
  <system-out/>
</testsuite> <!-- jacksonSerializable.Serialization -->
