<?xml version="1.0" encoding="UTF-8"?>
<!-- Generated by org.testng.reporters.JUnitReportReporter -->
<testsuite hostname="Praveen" failures="0" tests="1" name="jacksonSerializable.Deserialization" time="0.222" errors="0" timestamp="2022-01-16T10:06:13 IST" skipped="0">
  <testcase classname="jacksonSerializable.Deserialization" name="demo" time="0.222"/>
  <system-out/>
</testsuite> <!-- jacksonSerializable.Deserialization -->
